<?xml version='1.0' encoding='UTF-8' ?>
<testsuite name="com.example.data.RoomDatabaseTest" tests="1" failures="0" errors="0" skipped="0" time="1.61" timestamp="2024-06-29T13:58:21" hostname="localhost">
  <properties>
    <property name="device" value="Pixel_7_API_30(AVD) - 11" />
    <property name="flavor" value="" />
    <property name="project" value=":data" />
  </properties>
  <testcase name="insertAndGetTasks" classname="com.example.data.RoomDatabaseTest" time="0.752" />
</testsuite>